[W 22:56:12.862 NotebookApp] Loading JupyterLab as a classic notebook (v6) extension.
[I 2023-03-07 22:56:12.876 LabApp] JupyterLab extension loaded from /home/ngzhili/miniconda3/envs/uoais/lib/python3.8/site-packages/jupyterlab
[I 2023-03-07 22:56:12.876 LabApp] JupyterLab application directory is /home/ngzhili/miniconda3/envs/uoais/share/jupyter/lab
[I 22:56:12.881 NotebookApp] Serving notebooks from local directory: /home/ngzhili/FrozenLake_RL
[I 22:56:12.881 NotebookApp] Jupyter Notebook 6.5.2 is running at:
[I 22:56:12.881 NotebookApp] http://localhost:8888/?token=b7dab200ba44971c201b4055a1884c85fa9146b6298fb46a
[I 22:56:12.881 NotebookApp]  or http://127.0.0.1:8888/?token=b7dab200ba44971c201b4055a1884c85fa9146b6298fb46a
[I 22:56:12.881 NotebookApp] Use Control-C to stop this server and shut down all kernels (twice to skip confirmation).
[C 22:56:12.884 NotebookApp] 
    
    To access the notebook, open this file in a browser:
        file:///home/ngzhili/.local/share/jupyter/runtime/nbserver-28794-open.html
    Or copy and paste one of these URLs:
        http://localhost:8888/?token=b7dab200ba44971c201b4055a1884c85fa9146b6298fb46a
     or http://127.0.0.1:8888/?token=b7dab200ba44971c201b4055a1884c85fa9146b6298fb46a
[W 22:56:24.209 NotebookApp] Loading JupyterLab as a classic notebook (v6) extension.
[I 2023-03-07 22:56:24.223 LabApp] JupyterLab extension loaded from /home/ngzhili/miniconda3/envs/uoais/lib/python3.8/site-packages/jupyterlab
[I 2023-03-07 22:56:24.223 LabApp] JupyterLab application directory is /home/ngzhili/miniconda3/envs/uoais/share/jupyter/lab
[I 22:56:24.227 NotebookApp] The port 8888 is already in use, trying another port.
[I 22:56:24.228 NotebookApp] Serving notebooks from local directory: /home/ngzhili/FrozenLake_RL
[I 22:56:24.228 NotebookApp] Jupyter Notebook 6.5.2 is running at:
[I 22:56:24.228 NotebookApp] http://localhost:8889/?token=966fa74f8f7b13270812f775f05b0944bc37d475eb14ffc4
[I 22:56:24.228 NotebookApp]  or http://127.0.0.1:8889/?token=966fa74f8f7b13270812f775f05b0944bc37d475eb14ffc4
[I 22:56:24.228 NotebookApp] Use Control-C to stop this server and shut down all kernels (twice to skip confirmation).
[C 22:56:24.231 NotebookApp] 
    
    To access the notebook, open this file in a browser:
        file:///home/ngzhili/.local/share/jupyter/runtime/nbserver-29366-open.html
    Or copy and paste one of these URLs:
        http://localhost:8889/?token=966fa74f8f7b13270812f775f05b0944bc37d475eb14ffc4
     or http://127.0.0.1:8889/?token=966fa74f8f7b13270812f775f05b0944bc37d475eb14ffc4
[I 22:56:24.379 NotebookApp] Interrupted...
[I 22:56:24.379 NotebookApp] Shutting down 0 kernels
[I 22:56:24.379 NotebookApp] Shutting down 0 terminals
[I 23:04:09.534 NotebookApp] 302 GET /?token=b7dab200ba44971c201b4055a1884c85fa9146b6298fb46a (127.0.0.1) 1.110000ms
[I 23:04:17.835 NotebookApp] Kernel started: 85da90dc-f378-480d-9013-80a8fdaccabc, name: python3
[I 23:05:18.183 NotebookApp] Saving file at /A0201748H_ME5406_Project1_Code.ipynb
[I 23:05:57.317 NotebookApp] Starting buffering for 85da90dc-f378-480d-9013-80a8fdaccabc:f89a063dc5a74de781a9d0c775a53e8c
[I 23:06:03.298 NotebookApp] Discarding 55 buffered messages for 85da90dc-f378-480d-9013-80a8fdaccabc:f89a063dc5a74de781a9d0c775a53e8c
[C 23:06:34.940 NotebookApp] received signal 15, stopping
[I 23:06:34.940 NotebookApp] Shutting down 1 kernel
[I 23:06:34.941 NotebookApp] Kernel shutdown: 85da90dc-f378-480d-9013-80a8fdaccabc
[I 23:06:36.763 NotebookApp] Shutting down 0 terminals
